<?xml version="1.0" encoding="UTF-8"?>
<!-- Generated by org.testng.reporters.JUnitReportReporter -->
<testsuite skipped="0" hostname="DESKTOP-Q71IO9G" name="dm.day5" tests="3" failures="0" timestamp="13 Aug 2018 19:39:42 GMT" time="0.012" errors="0">
  <testcase name="PoDay5Test3" time="0.002" classname="dm.day5"/>
  <testcase name="MoDay5Test1" time="0.010" classname="dm.day5"/>
  <testcase name="MoDay5Test2" time="0.000" classname="dm.day5"/>
</testsuite> <!-- dm.day5 -->
