<?xml version="1.0" encoding="UTF-8"?>
<!-- Generated by org.testng.reporters.JUnitReportReporter -->
<testsuite skipped="0" hostname="DESKTOP-Q71IO9G" name="dm.day4" tests="2" failures="0" timestamp="13 Aug 2018 19:39:42 GMT" time="0.010" errors="0">
  <testcase name="MoDay4Test2" time="0.000" classname="dm.day4"/>
  <testcase name="MoDay4Test1" time="0.010" classname="dm.day4"/>
</testsuite> <!-- dm.day4 -->
