<?xml version="1.0" encoding="UTF-8"?>
<!-- Generated by org.testng.reporters.JUnitReportReporter -->
<testsuite skipped="0" hostname="DESKTOP-Q71IO9G" name="day1" tests="2" failures="0" timestamp="08 Aug 2018 05:47:01 GMT" time="0.018" errors="0">
  <testcase name="Day1Test2" time="0.004" classname="day1"/>
  <testcase name="Day1Test1" time="0.014" classname="day1"/>
</testsuite> <!-- day1 -->
