<?xml version="1.0" encoding="UTF-8"?>
<!-- Generated by org.testng.reporters.JUnitReportReporter -->
<testsuite skipped="0" hostname="DESKTOP-Q71IO9G" name="dm.day3" tests="5" failures="0" timestamp="13 Aug 2018 19:39:42 GMT" time="0.006" errors="0">
  <testcase name="Day3Test1" time="0.002" classname="dm.day3"/>
  <testcase name="Day3Test3" time="0.002" classname="dm.day3"/>
  <testcase name="Day3Test2" time="0.000" classname="dm.day3"/>
  <testcase name="Day3Test2" time="0.002" classname="dm.day3"/>
  <testcase name="Day3Test1" time="0.000" classname="dm.day3"/>
</testsuite> <!-- dm.day3 -->
