<?xml version="1.0" encoding="UTF-8"?>
<!-- Generated by org.testng.reporters.JUnitReportReporter -->
<testsuite skipped="1" hostname="DESKTOP-Q71IO9G" name="dm.day2" tests="3" failures="0" timestamp="13 Aug 2018 19:39:42 GMT" time="0.021" errors="0">
  <testcase name="Day2Test3" time="0.018" classname="dm.day2"/>
  <testcase name="Day2Test1" time="0.003" classname="dm.day2"/>
  <testcase name="Day2Test2" classname="dm.day2">
    <skipped/>
  </testcase> <!-- Day2Test2 -->
</testsuite> <!-- dm.day2 -->
