<?xml version="1.0" encoding="UTF-8"?>
<!-- Generated by org.testng.reporters.JUnitReportReporter -->
<testsuite skipped="0" hostname="DESKTOP-Q71IO9G" name="dm.day1" tests="2" failures="0" timestamp="13 Aug 2018 19:39:42 GMT" time="0.013" errors="0">
  <testcase name="Day1Test2" time="0.001" classname="dm.day1"/>
  <testcase name="Day1Test1" time="0.012" classname="dm.day1"/>
</testsuite> <!-- dm.day1 -->
