<?xml version="1.0" encoding="UTF-8"?>
<!-- Generated by org.testng.reporters.JUnitReportReporter -->
<testsuite skipped="0" hostname="DESKTOP-Q71IO9G" name="dm.day6" tests="3" failures="0" timestamp="13 Aug 2018 19:39:42 GMT" time="0.007" errors="0">
  <testcase name="Sachith" time="0.000" classname="dm.day6"/>
  <testcase name="Doll" time="0.007" classname="dm.day6"/>
  <testcase name="Chapa" time="0.000" classname="dm.day6"/>
</testsuite> <!-- dm.day6 -->
