<?xml version="1.0" encoding="UTF-8"?>
<!-- Generated by org.testng.reporters.JUnitReportReporter -->
<testsuite skipped="0" hostname="DESKTOP-Q71IO9G" name="day2" tests="1" failures="0" timestamp="08 Aug 2018 05:47:01 GMT" time="0.002" errors="0">
  <testcase name="Day2Test1" time="0.002" classname="day2"/>
</testsuite> <!-- day2 -->
