<?xml version="1.0" encoding="UTF-8"?>
<!-- Generated by org.testng.reporters.JUnitReportReporter -->
<testsuite skipped="0" hostname="DESKTOP-Q71IO9G" name="day4" tests="2" failures="0" timestamp="08 Aug 2018 05:47:01 GMT" time="0.003" errors="0">
  <testcase name="MoDay4Test1" time="0.001" classname="day4"/>
  <testcase name="MoDay4Test2" time="0.002" classname="day4"/>
</testsuite> <!-- day4 -->
