<?xml version="1.0" encoding="UTF-8"?>
<!-- Generated by org.testng.reporters.JUnitReportReporter -->
<testsuite skipped="0" hostname="DESKTOP-Q71IO9G" name="dm.day7" tests="3" failures="0" timestamp="13 Aug 2018 19:39:42 GMT" time="0.009" errors="0">
  <testcase name="Day7Test1" time="0.000" classname="dm.day7"/>
  <testcase name="Day7Test1" time="0.009" classname="dm.day7"/>
  <testcase name="Day7Test1" time="0.000" classname="dm.day7"/>
</testsuite> <!-- dm.day7 -->
